[2025-08-23T21:22:18.668+0000] {processor.py:157} INFO - Started process (PID=40) to work on /opt/airflow/dags/plugins/stock_fetch_dag.py
[2025-08-23T21:22:18.669+0000] {processor.py:829} INFO - Processing file /opt/airflow/dags/plugins/stock_fetch_dag.py for tasks to queue
[2025-08-23T21:22:18.670+0000] {logging_mixin.py:151} INFO - [2025-08-23T21:22:18.669+0000] {dagbag.py:539} INFO - Filling up the DagBag from /opt/airflow/dags/plugins/stock_fetch_dag.py
[2025-08-23T21:22:18.703+0000] {processor.py:839} INFO - DAG(s) dict_keys(['stock_fetcher_dag']) retrieved from /opt/airflow/dags/plugins/stock_fetch_dag.py
[2025-08-23T21:22:18.860+0000] {logging_mixin.py:151} INFO - [2025-08-23T21:22:18.859+0000] {manager.py:501} INFO - Created Permission View: can delete on DAG:stock_fetcher_dag
[2025-08-23T21:22:18.869+0000] {logging_mixin.py:151} INFO - [2025-08-23T21:22:18.869+0000] {manager.py:501} INFO - Created Permission View: can edit on DAG:stock_fetcher_dag
[2025-08-23T21:22:18.875+0000] {logging_mixin.py:151} INFO - [2025-08-23T21:22:18.875+0000] {manager.py:501} INFO - Created Permission View: can read on DAG:stock_fetcher_dag
[2025-08-23T21:22:18.884+0000] {logging_mixin.py:151} INFO - [2025-08-23T21:22:18.884+0000] {dag.py:2907} INFO - Sync 1 DAGs
[2025-08-23T21:22:18.892+0000] {logging_mixin.py:151} INFO - [2025-08-23T21:22:18.892+0000] {dag.py:2929} INFO - Creating ORM DAG for stock_fetcher_dag
[2025-08-23T21:22:18.900+0000] {logging_mixin.py:151} INFO - [2025-08-23T21:22:18.900+0000] {dag.py:3677} INFO - Setting next_dagrun for stock_fetcher_dag to 2025-08-23T20:00:00+00:00, run_after=2025-08-23T21:00:00+00:00
[2025-08-23T21:22:18.915+0000] {processor.py:179} INFO - Processing /opt/airflow/dags/plugins/stock_fetch_dag.py took 0.250 seconds
[2025-08-23T21:24:51.934+0000] {processor.py:157} INFO - Started process (PID=45) to work on /opt/airflow/dags/plugins/stock_fetch_dag.py
[2025-08-23T21:24:51.935+0000] {processor.py:829} INFO - Processing file /opt/airflow/dags/plugins/stock_fetch_dag.py for tasks to queue
[2025-08-23T21:24:51.936+0000] {logging_mixin.py:151} INFO - [2025-08-23T21:24:51.936+0000] {dagbag.py:539} INFO - Filling up the DagBag from /opt/airflow/dags/plugins/stock_fetch_dag.py
[2025-08-23T21:22:21.163+0000] {processor.py:839} INFO - DAG(s) dict_keys(['stock_fetcher_dag']) retrieved from /opt/airflow/dags/plugins/stock_fetch_dag.py
[2025-08-23T21:22:21.175+0000] {logging_mixin.py:151} INFO - [2025-08-23T21:22:21.174+0000] {dag.py:2907} INFO - Sync 1 DAGs
[2025-08-23T21:22:21.193+0000] {logging_mixin.py:151} INFO - [2025-08-23T21:22:21.193+0000] {dag.py:3677} INFO - Setting next_dagrun for stock_fetcher_dag to 2025-08-23T20:00:00+00:00, run_after=2025-08-23T21:00:00+00:00
[2025-08-23T21:22:21.207+0000] {processor.py:179} INFO - Processing /opt/airflow/dags/plugins/stock_fetch_dag.py took 0.078 seconds
[2025-08-23T21:24:57.070+0000] {processor.py:157} INFO - Started process (PID=48) to work on /opt/airflow/dags/plugins/stock_fetch_dag.py
[2025-08-23T21:24:57.071+0000] {processor.py:829} INFO - Processing file /opt/airflow/dags/plugins/stock_fetch_dag.py for tasks to queue
[2025-08-23T21:24:57.072+0000] {logging_mixin.py:151} INFO - [2025-08-23T21:24:57.072+0000] {dagbag.py:539} INFO - Filling up the DagBag from /opt/airflow/dags/plugins/stock_fetch_dag.py
[2025-08-23T21:22:26.247+0000] {processor.py:839} INFO - DAG(s) dict_keys(['stock_fetcher_dag']) retrieved from /opt/airflow/dags/plugins/stock_fetch_dag.py
[2025-08-23T21:22:26.258+0000] {logging_mixin.py:151} INFO - [2025-08-23T21:22:26.258+0000] {dag.py:2907} INFO - Sync 1 DAGs
[2025-08-23T21:22:26.277+0000] {logging_mixin.py:151} INFO - [2025-08-23T21:22:26.277+0000] {dag.py:3677} INFO - Setting next_dagrun for stock_fetcher_dag to 2025-08-23T20:00:00+00:00, run_after=2025-08-23T21:00:00+00:00
[2025-08-23T21:22:26.289+0000] {processor.py:179} INFO - Processing /opt/airflow/dags/plugins/stock_fetch_dag.py took 0.075 seconds
[2025-08-23T21:25:20.455+0000] {processor.py:157} INFO - Started process (PID=51) to work on /opt/airflow/dags/plugins/stock_fetch_dag.py
[2025-08-23T21:25:20.456+0000] {processor.py:829} INFO - Processing file /opt/airflow/dags/plugins/stock_fetch_dag.py for tasks to queue
[2025-08-23T21:25:20.457+0000] {logging_mixin.py:151} INFO - [2025-08-23T21:25:20.457+0000] {dagbag.py:539} INFO - Filling up the DagBag from /opt/airflow/dags/plugins/stock_fetch_dag.py
[2025-08-23T21:25:20.474+0000] {processor.py:839} INFO - DAG(s) dict_keys(['stock_fetcher_dag']) retrieved from /opt/airflow/dags/plugins/stock_fetch_dag.py
[2025-08-23T21:22:49.697+0000] {logging_mixin.py:151} INFO - [2025-08-23T21:22:49.696+0000] {dag.py:2907} INFO - Sync 1 DAGs
[2025-08-23T21:22:49.712+0000] {logging_mixin.py:151} INFO - [2025-08-23T21:22:49.712+0000] {dag.py:3677} INFO - Setting next_dagrun for stock_fetcher_dag to 2025-08-23T20:00:00+00:00, run_after=2025-08-23T21:00:00+00:00
[2025-08-23T21:22:49.725+0000] {processor.py:179} INFO - Processing /opt/airflow/dags/plugins/stock_fetch_dag.py took 0.072 seconds
[2025-08-23T21:23:20.141+0000] {processor.py:157} INFO - Started process (PID=54) to work on /opt/airflow/dags/plugins/stock_fetch_dag.py
[2025-08-23T21:23:20.142+0000] {processor.py:829} INFO - Processing file /opt/airflow/dags/plugins/stock_fetch_dag.py for tasks to queue
[2025-08-23T21:23:20.143+0000] {logging_mixin.py:151} INFO - [2025-08-23T21:23:20.143+0000] {dagbag.py:539} INFO - Filling up the DagBag from /opt/airflow/dags/plugins/stock_fetch_dag.py
[2025-08-23T21:23:20.159+0000] {processor.py:839} INFO - DAG(s) dict_keys(['stock_fetcher_dag']) retrieved from /opt/airflow/dags/plugins/stock_fetch_dag.py
[2025-08-23T21:23:20.178+0000] {logging_mixin.py:151} INFO - [2025-08-23T21:23:20.178+0000] {dag.py:2907} INFO - Sync 1 DAGs
[2025-08-23T21:23:20.193+0000] {logging_mixin.py:151} INFO - [2025-08-23T21:23:20.193+0000] {dag.py:3677} INFO - Setting next_dagrun for stock_fetcher_dag to 2025-08-23T20:00:00+00:00, run_after=2025-08-23T21:00:00+00:00
[2025-08-23T21:23:20.205+0000] {processor.py:179} INFO - Processing /opt/airflow/dags/plugins/stock_fetch_dag.py took 0.068 seconds
[2025-08-23T21:23:21.258+0000] {processor.py:157} INFO - Started process (PID=57) to work on /opt/airflow/dags/plugins/stock_fetch_dag.py
[2025-08-23T21:23:21.260+0000] {processor.py:829} INFO - Processing file /opt/airflow/dags/plugins/stock_fetch_dag.py for tasks to queue
[2025-08-23T21:23:21.261+0000] {logging_mixin.py:151} INFO - [2025-08-23T21:23:21.260+0000] {dagbag.py:539} INFO - Filling up the DagBag from /opt/airflow/dags/plugins/stock_fetch_dag.py
[2025-08-23T21:23:21.283+0000] {processor.py:839} INFO - DAG(s) dict_keys(['stock_fetcher_dag']) retrieved from /opt/airflow/dags/plugins/stock_fetch_dag.py
[2025-08-23T21:23:21.300+0000] {logging_mixin.py:151} INFO - [2025-08-23T21:23:21.300+0000] {dag.py:2907} INFO - Sync 1 DAGs
[2025-08-23T21:23:21.314+0000] {logging_mixin.py:151} INFO - [2025-08-23T21:23:21.314+0000] {dag.py:3677} INFO - Setting next_dagrun for stock_fetcher_dag to 2025-08-23T20:00:00+00:00, run_after=2025-08-23T21:00:00+00:00
[2025-08-23T21:23:21.324+0000] {processor.py:179} INFO - Processing /opt/airflow/dags/plugins/stock_fetch_dag.py took 0.070 seconds
[2025-08-23T21:23:51.862+0000] {processor.py:157} INFO - Started process (PID=60) to work on /opt/airflow/dags/plugins/stock_fetch_dag.py
[2025-08-23T21:23:51.863+0000] {processor.py:829} INFO - Processing file /opt/airflow/dags/plugins/stock_fetch_dag.py for tasks to queue
[2025-08-23T21:23:51.864+0000] {logging_mixin.py:151} INFO - [2025-08-23T21:23:51.863+0000] {dagbag.py:539} INFO - Filling up the DagBag from /opt/airflow/dags/plugins/stock_fetch_dag.py
[2025-08-23T21:23:51.881+0000] {processor.py:839} INFO - DAG(s) dict_keys(['stock_fetcher_dag']) retrieved from /opt/airflow/dags/plugins/stock_fetch_dag.py
[2025-08-23T21:23:51.903+0000] {logging_mixin.py:151} INFO - [2025-08-23T21:23:51.903+0000] {dag.py:2907} INFO - Sync 1 DAGs
[2025-08-23T21:23:51.918+0000] {logging_mixin.py:151} INFO - [2025-08-23T21:23:51.918+0000] {dag.py:3677} INFO - Setting next_dagrun for stock_fetcher_dag to 2025-08-23T20:00:00+00:00, run_after=2025-08-23T21:00:00+00:00
[2025-08-23T21:23:51.930+0000] {processor.py:179} INFO - Processing /opt/airflow/dags/plugins/stock_fetch_dag.py took 0.072 seconds
[2025-08-23T21:26:42.048+0000] {processor.py:157} INFO - Started process (PID=63) to work on /opt/airflow/dags/plugins/stock_fetch_dag.py
[2025-08-23T21:26:42.049+0000] {processor.py:829} INFO - Processing file /opt/airflow/dags/plugins/stock_fetch_dag.py for tasks to queue
[2025-08-23T21:26:42.050+0000] {logging_mixin.py:151} INFO - [2025-08-23T21:26:42.049+0000] {dagbag.py:539} INFO - Filling up the DagBag from /opt/airflow/dags/plugins/stock_fetch_dag.py
[2025-08-23T21:26:42.067+0000] {processor.py:839} INFO - DAG(s) dict_keys(['stock_fetcher_dag']) retrieved from /opt/airflow/dags/plugins/stock_fetch_dag.py
[2025-08-23T21:26:42.087+0000] {logging_mixin.py:151} INFO - [2025-08-23T21:26:42.087+0000] {dag.py:2907} INFO - Sync 1 DAGs
[2025-08-23T21:26:42.102+0000] {logging_mixin.py:151} INFO - [2025-08-23T21:26:42.102+0000] {dag.py:3677} INFO - Setting next_dagrun for stock_fetcher_dag to 2025-08-23T20:00:00+00:00, run_after=2025-08-23T21:00:00+00:00
[2025-08-23T21:26:42.114+0000] {processor.py:179} INFO - Processing /opt/airflow/dags/plugins/stock_fetch_dag.py took 0.069 seconds
[2025-08-23T21:28:12.244+0000] {processor.py:157} INFO - Started process (PID=69) to work on /opt/airflow/dags/plugins/stock_fetch_dag.py
[2025-08-23T21:28:12.245+0000] {processor.py:829} INFO - Processing file /opt/airflow/dags/plugins/stock_fetch_dag.py for tasks to queue
[2025-08-23T21:28:12.246+0000] {logging_mixin.py:151} INFO - [2025-08-23T21:28:12.246+0000] {dagbag.py:539} INFO - Filling up the DagBag from /opt/airflow/dags/plugins/stock_fetch_dag.py
[2025-08-23T21:28:12.262+0000] {processor.py:839} INFO - DAG(s) dict_keys(['stock_fetcher_dag']) retrieved from /opt/airflow/dags/plugins/stock_fetch_dag.py
[2025-08-23T21:28:12.283+0000] {logging_mixin.py:151} INFO - [2025-08-23T21:28:12.282+0000] {dag.py:2907} INFO - Sync 1 DAGs
[2025-08-23T21:28:12.298+0000] {logging_mixin.py:151} INFO - [2025-08-23T21:28:12.298+0000] {dag.py:3677} INFO - Setting next_dagrun for stock_fetcher_dag to 2025-08-23T20:00:00+00:00, run_after=2025-08-23T21:00:00+00:00
[2025-08-23T21:28:12.312+0000] {processor.py:179} INFO - Processing /opt/airflow/dags/plugins/stock_fetch_dag.py took 0.071 seconds
[2025-08-23T21:29:20.182+0000] {processor.py:157} INFO - Started process (PID=74) to work on /opt/airflow/dags/plugins/stock_fetch_dag.py
[2025-08-23T21:29:20.183+0000] {processor.py:829} INFO - Processing file /opt/airflow/dags/plugins/stock_fetch_dag.py for tasks to queue
[2025-08-23T21:29:20.184+0000] {logging_mixin.py:151} INFO - [2025-08-23T21:29:20.184+0000] {dagbag.py:539} INFO - Filling up the DagBag from /opt/airflow/dags/plugins/stock_fetch_dag.py
[2025-08-23T21:29:20.206+0000] {processor.py:839} INFO - DAG(s) dict_keys(['stock_fetcher_dag']) retrieved from /opt/airflow/dags/plugins/stock_fetch_dag.py
[2025-08-23T21:29:20.227+0000] {logging_mixin.py:151} INFO - [2025-08-23T21:29:20.227+0000] {dag.py:2907} INFO - Sync 1 DAGs
[2025-08-23T21:29:20.242+0000] {logging_mixin.py:151} INFO - [2025-08-23T21:29:20.242+0000] {dag.py:3677} INFO - Setting next_dagrun for stock_fetcher_dag to 2025-08-23T20:00:00+00:00, run_after=2025-08-23T21:00:00+00:00
[2025-08-23T21:29:20.256+0000] {processor.py:179} INFO - Processing /opt/airflow/dags/plugins/stock_fetch_dag.py took 0.077 seconds
[2025-08-23T21:30:20.199+0000] {processor.py:157} INFO - Started process (PID=77) to work on /opt/airflow/dags/plugins/stock_fetch_dag.py
[2025-08-23T21:30:20.199+0000] {processor.py:829} INFO - Processing file /opt/airflow/dags/plugins/stock_fetch_dag.py for tasks to queue
[2025-08-23T21:30:20.200+0000] {logging_mixin.py:151} INFO - [2025-08-23T21:30:20.200+0000] {dagbag.py:539} INFO - Filling up the DagBag from /opt/airflow/dags/plugins/stock_fetch_dag.py
[2025-08-23T21:30:20.217+0000] {processor.py:839} INFO - DAG(s) dict_keys(['stock_fetcher_dag']) retrieved from /opt/airflow/dags/plugins/stock_fetch_dag.py
[2025-08-23T21:30:20.237+0000] {logging_mixin.py:151} INFO - [2025-08-23T21:30:20.237+0000] {dag.py:2907} INFO - Sync 1 DAGs
[2025-08-23T21:30:20.253+0000] {logging_mixin.py:151} INFO - [2025-08-23T21:30:20.253+0000] {dag.py:3677} INFO - Setting next_dagrun for stock_fetcher_dag to 2025-08-23T20:00:00+00:00, run_after=2025-08-23T21:00:00+00:00
[2025-08-23T21:30:20.265+0000] {processor.py:179} INFO - Processing /opt/airflow/dags/plugins/stock_fetch_dag.py took 0.070 seconds
[2025-08-23T21:31:52.687+0000] {processor.py:157} INFO - Started process (PID=88) to work on /opt/airflow/dags/plugins/stock_fetch_dag.py
[2025-08-23T21:31:52.688+0000] {processor.py:829} INFO - Processing file /opt/airflow/dags/plugins/stock_fetch_dag.py for tasks to queue
[2025-08-23T21:31:52.689+0000] {logging_mixin.py:151} INFO - [2025-08-23T21:31:52.689+0000] {dagbag.py:539} INFO - Filling up the DagBag from /opt/airflow/dags/plugins/stock_fetch_dag.py
[2025-08-23T21:31:52.704+0000] {processor.py:839} INFO - DAG(s) dict_keys(['stock_fetcher_dag']) retrieved from /opt/airflow/dags/plugins/stock_fetch_dag.py
[2025-08-23T21:31:52.726+0000] {logging_mixin.py:151} INFO - [2025-08-23T21:31:52.725+0000] {dag.py:2907} INFO - Sync 1 DAGs
[2025-08-23T21:31:52.740+0000] {logging_mixin.py:151} INFO - [2025-08-23T21:31:52.740+0000] {dag.py:3677} INFO - Setting next_dagrun for stock_fetcher_dag to 2025-08-23T20:00:00+00:00, run_after=2025-08-23T21:00:00+00:00
[2025-08-23T21:29:21.944+0000] {processor.py:179} INFO - Processing /opt/airflow/dags/plugins/stock_fetch_dag.py took 0.068 seconds
[2025-08-23T21:29:27.011+0000] {processor.py:157} INFO - Started process (PID=91) to work on /opt/airflow/dags/plugins/stock_fetch_dag.py
[2025-08-23T21:29:27.012+0000] {processor.py:829} INFO - Processing file /opt/airflow/dags/plugins/stock_fetch_dag.py for tasks to queue
[2025-08-23T21:29:27.013+0000] {logging_mixin.py:151} INFO - [2025-08-23T21:29:27.013+0000] {dagbag.py:539} INFO - Filling up the DagBag from /opt/airflow/dags/plugins/stock_fetch_dag.py
[2025-08-23T21:29:27.028+0000] {processor.py:839} INFO - DAG(s) dict_keys(['stock_fetcher_dag']) retrieved from /opt/airflow/dags/plugins/stock_fetch_dag.py
[2025-08-23T21:29:27.048+0000] {logging_mixin.py:151} INFO - [2025-08-23T21:29:27.048+0000] {dag.py:2907} INFO - Sync 1 DAGs
[2025-08-23T21:29:27.062+0000] {logging_mixin.py:151} INFO - [2025-08-23T21:29:27.062+0000] {dag.py:3677} INFO - Setting next_dagrun for stock_fetcher_dag to 2025-08-23T20:00:00+00:00, run_after=2025-08-23T21:00:00+00:00
[2025-08-23T21:29:27.074+0000] {processor.py:179} INFO - Processing /opt/airflow/dags/plugins/stock_fetch_dag.py took 0.066 seconds
[2025-08-23T21:29:57.554+0000] {processor.py:157} INFO - Started process (PID=94) to work on /opt/airflow/dags/plugins/stock_fetch_dag.py
[2025-08-23T21:29:57.556+0000] {processor.py:829} INFO - Processing file /opt/airflow/dags/plugins/stock_fetch_dag.py for tasks to queue
[2025-08-23T21:29:57.556+0000] {logging_mixin.py:151} INFO - [2025-08-23T21:29:57.556+0000] {dagbag.py:539} INFO - Filling up the DagBag from /opt/airflow/dags/plugins/stock_fetch_dag.py
[2025-08-23T21:29:57.576+0000] {processor.py:839} INFO - DAG(s) dict_keys(['stock_fetcher_dag']) retrieved from /opt/airflow/dags/plugins/stock_fetch_dag.py
[2025-08-23T21:29:57.601+0000] {logging_mixin.py:151} INFO - [2025-08-23T21:29:57.601+0000] {dag.py:2907} INFO - Sync 1 DAGs
[2025-08-23T21:29:57.619+0000] {logging_mixin.py:151} INFO - [2025-08-23T21:29:57.619+0000] {dag.py:3677} INFO - Setting next_dagrun for stock_fetcher_dag to 2025-08-23T20:00:00+00:00, run_after=2025-08-23T21:00:00+00:00
[2025-08-23T21:29:57.639+0000] {processor.py:179} INFO - Processing /opt/airflow/dags/plugins/stock_fetch_dag.py took 0.088 seconds
[2025-08-23T21:29:59.700+0000] {processor.py:157} INFO - Started process (PID=97) to work on /opt/airflow/dags/plugins/stock_fetch_dag.py
[2025-08-23T21:29:59.700+0000] {processor.py:829} INFO - Processing file /opt/airflow/dags/plugins/stock_fetch_dag.py for tasks to queue
[2025-08-23T21:29:59.701+0000] {logging_mixin.py:151} INFO - [2025-08-23T21:29:59.701+0000] {dagbag.py:539} INFO - Filling up the DagBag from /opt/airflow/dags/plugins/stock_fetch_dag.py
[2025-08-23T21:29:59.720+0000] {processor.py:839} INFO - DAG(s) dict_keys(['stock_fetcher_dag']) retrieved from /opt/airflow/dags/plugins/stock_fetch_dag.py
[2025-08-23T21:29:59.739+0000] {logging_mixin.py:151} INFO - [2025-08-23T21:29:59.739+0000] {dag.py:2907} INFO - Sync 1 DAGs
[2025-08-23T21:29:59.753+0000] {logging_mixin.py:151} INFO - [2025-08-23T21:29:59.753+0000] {dag.py:3677} INFO - Setting next_dagrun for stock_fetcher_dag to 2025-08-23T20:00:00+00:00, run_after=2025-08-23T21:00:00+00:00
[2025-08-23T21:29:59.767+0000] {processor.py:179} INFO - Processing /opt/airflow/dags/plugins/stock_fetch_dag.py took 0.070 seconds
[2025-08-23T21:29:59.788+0000] {processor.py:157} INFO - Started process (PID=98) to work on /opt/airflow/dags/plugins/stock_fetch_dag.py
[2025-08-23T21:29:59.789+0000] {processor.py:829} INFO - Processing file /opt/airflow/dags/plugins/stock_fetch_dag.py for tasks to queue
[2025-08-23T21:29:59.789+0000] {logging_mixin.py:151} INFO - [2025-08-23T21:29:59.789+0000] {dagbag.py:539} INFO - Filling up the DagBag from /opt/airflow/dags/plugins/stock_fetch_dag.py
[2025-08-23T21:29:59.807+0000] {processor.py:839} INFO - DAG(s) dict_keys(['stock_fetcher_dag']) retrieved from /opt/airflow/dags/plugins/stock_fetch_dag.py
[2025-08-23T21:29:59.827+0000] {logging_mixin.py:151} INFO - [2025-08-23T21:29:59.827+0000] {dag.py:2907} INFO - Sync 1 DAGs
[2025-08-23T21:29:59.842+0000] {logging_mixin.py:151} INFO - [2025-08-23T21:29:59.842+0000] {dag.py:3677} INFO - Setting next_dagrun for stock_fetcher_dag to 2025-08-23T20:00:00+00:00, run_after=2025-08-23T21:00:00+00:00
[2025-08-23T21:29:59.858+0000] {processor.py:179} INFO - Processing /opt/airflow/dags/plugins/stock_fetch_dag.py took 0.072 seconds
[2025-08-23T21:29:59.886+0000] {processor.py:157} INFO - Started process (PID=99) to work on /opt/airflow/dags/plugins/stock_fetch_dag.py
[2025-08-23T21:29:59.886+0000] {processor.py:829} INFO - Processing file /opt/airflow/dags/plugins/stock_fetch_dag.py for tasks to queue
[2025-08-23T21:29:59.887+0000] {logging_mixin.py:151} INFO - [2025-08-23T21:29:59.887+0000] {dagbag.py:539} INFO - Filling up the DagBag from /opt/airflow/dags/plugins/stock_fetch_dag.py
[2025-08-23T21:29:59.903+0000] {processor.py:839} INFO - DAG(s) dict_keys(['stock_fetcher_dag']) retrieved from /opt/airflow/dags/plugins/stock_fetch_dag.py
[2025-08-23T21:29:59.921+0000] {logging_mixin.py:151} INFO - [2025-08-23T21:29:59.921+0000] {dag.py:2907} INFO - Sync 1 DAGs
[2025-08-23T21:29:59.936+0000] {logging_mixin.py:151} INFO - [2025-08-23T21:29:59.936+0000] {dag.py:3677} INFO - Setting next_dagrun for stock_fetcher_dag to 2025-08-23T20:00:00+00:00, run_after=2025-08-23T21:00:00+00:00
[2025-08-23T21:29:59.954+0000] {processor.py:179} INFO - Processing /opt/airflow/dags/plugins/stock_fetch_dag.py took 0.071 seconds
[2025-08-23T21:29:59.980+0000] {processor.py:157} INFO - Started process (PID=100) to work on /opt/airflow/dags/plugins/stock_fetch_dag.py
[2025-08-23T21:29:59.981+0000] {processor.py:829} INFO - Processing file /opt/airflow/dags/plugins/stock_fetch_dag.py for tasks to queue
[2025-08-23T21:29:59.981+0000] {logging_mixin.py:151} INFO - [2025-08-23T21:29:59.981+0000] {dagbag.py:539} INFO - Filling up the DagBag from /opt/airflow/dags/plugins/stock_fetch_dag.py
[2025-08-23T21:29:59.997+0000] {processor.py:839} INFO - DAG(s) dict_keys(['stock_fetcher_dag']) retrieved from /opt/airflow/dags/plugins/stock_fetch_dag.py
[2025-08-23T21:30:00.016+0000] {logging_mixin.py:151} INFO - [2025-08-23T21:30:00.015+0000] {dag.py:2907} INFO - Sync 1 DAGs
[2025-08-23T21:30:00.029+0000] {logging_mixin.py:151} INFO - [2025-08-23T21:30:00.029+0000] {dag.py:3677} INFO - Setting next_dagrun for stock_fetcher_dag to 2025-08-23T20:00:00+00:00, run_after=2025-08-23T21:00:00+00:00
[2025-08-23T21:30:00.043+0000] {processor.py:179} INFO - Processing /opt/airflow/dags/plugins/stock_fetch_dag.py took 0.065 seconds
[2025-08-23T21:30:00.070+0000] {processor.py:157} INFO - Started process (PID=101) to work on /opt/airflow/dags/plugins/stock_fetch_dag.py
[2025-08-23T21:30:00.070+0000] {processor.py:829} INFO - Processing file /opt/airflow/dags/plugins/stock_fetch_dag.py for tasks to queue
[2025-08-23T21:30:00.071+0000] {logging_mixin.py:151} INFO - [2025-08-23T21:30:00.071+0000] {dagbag.py:539} INFO - Filling up the DagBag from /opt/airflow/dags/plugins/stock_fetch_dag.py
[2025-08-23T21:30:00.086+0000] {processor.py:839} INFO - DAG(s) dict_keys(['stock_fetcher_dag']) retrieved from /opt/airflow/dags/plugins/stock_fetch_dag.py
[2025-08-23T21:30:00.105+0000] {logging_mixin.py:151} INFO - [2025-08-23T21:30:00.105+0000] {dag.py:2907} INFO - Sync 1 DAGs
[2025-08-23T21:30:00.120+0000] {logging_mixin.py:151} INFO - [2025-08-23T21:30:00.120+0000] {dag.py:3677} INFO - Setting next_dagrun for stock_fetcher_dag to 2025-08-23T20:00:00+00:00, run_after=2025-08-23T21:00:00+00:00
[2025-08-23T21:30:00.132+0000] {processor.py:179} INFO - Processing /opt/airflow/dags/plugins/stock_fetch_dag.py took 0.065 seconds
[2025-08-23T21:30:00.153+0000] {processor.py:157} INFO - Started process (PID=102) to work on /opt/airflow/dags/plugins/stock_fetch_dag.py
[2025-08-23T21:30:00.154+0000] {processor.py:829} INFO - Processing file /opt/airflow/dags/plugins/stock_fetch_dag.py for tasks to queue
[2025-08-23T21:30:00.155+0000] {logging_mixin.py:151} INFO - [2025-08-23T21:30:00.154+0000] {dagbag.py:539} INFO - Filling up the DagBag from /opt/airflow/dags/plugins/stock_fetch_dag.py
[2025-08-23T21:30:00.170+0000] {processor.py:839} INFO - DAG(s) dict_keys(['stock_fetcher_dag']) retrieved from /opt/airflow/dags/plugins/stock_fetch_dag.py
[2025-08-23T21:30:00.187+0000] {logging_mixin.py:151} INFO - [2025-08-23T21:30:00.187+0000] {dag.py:2907} INFO - Sync 1 DAGs
[2025-08-23T21:30:00.200+0000] {logging_mixin.py:151} INFO - [2025-08-23T21:30:00.200+0000] {dag.py:3677} INFO - Setting next_dagrun for stock_fetcher_dag to 2025-08-23T20:00:00+00:00, run_after=2025-08-23T21:00:00+00:00
[2025-08-23T21:30:00.211+0000] {processor.py:179} INFO - Processing /opt/airflow/dags/plugins/stock_fetch_dag.py took 0.060 seconds
[2025-08-23T21:30:00.231+0000] {processor.py:157} INFO - Started process (PID=103) to work on /opt/airflow/dags/plugins/stock_fetch_dag.py
[2025-08-23T21:30:00.232+0000] {processor.py:829} INFO - Processing file /opt/airflow/dags/plugins/stock_fetch_dag.py for tasks to queue
[2025-08-23T21:30:00.233+0000] {logging_mixin.py:151} INFO - [2025-08-23T21:30:00.232+0000] {dagbag.py:539} INFO - Filling up the DagBag from /opt/airflow/dags/plugins/stock_fetch_dag.py
[2025-08-23T21:30:00.246+0000] {processor.py:839} INFO - DAG(s) dict_keys(['stock_fetcher_dag']) retrieved from /opt/airflow/dags/plugins/stock_fetch_dag.py
[2025-08-23T21:30:00.264+0000] {logging_mixin.py:151} INFO - [2025-08-23T21:30:00.264+0000] {dag.py:2907} INFO - Sync 1 DAGs
[2025-08-23T21:30:00.278+0000] {logging_mixin.py:151} INFO - [2025-08-23T21:30:00.278+0000] {dag.py:3677} INFO - Setting next_dagrun for stock_fetcher_dag to 2025-08-23T20:00:00+00:00, run_after=2025-08-23T21:00:00+00:00
[2025-08-23T21:30:00.290+0000] {processor.py:179} INFO - Processing /opt/airflow/dags/plugins/stock_fetch_dag.py took 0.061 seconds
[2025-08-23T21:30:00.312+0000] {processor.py:157} INFO - Started process (PID=104) to work on /opt/airflow/dags/plugins/stock_fetch_dag.py
[2025-08-23T21:30:00.313+0000] {processor.py:829} INFO - Processing file /opt/airflow/dags/plugins/stock_fetch_dag.py for tasks to queue
[2025-08-23T21:30:00.313+0000] {logging_mixin.py:151} INFO - [2025-08-23T21:30:00.313+0000] {dagbag.py:539} INFO - Filling up the DagBag from /opt/airflow/dags/plugins/stock_fetch_dag.py
[2025-08-23T21:30:00.327+0000] {processor.py:839} INFO - DAG(s) dict_keys(['stock_fetcher_dag']) retrieved from /opt/airflow/dags/plugins/stock_fetch_dag.py
[2025-08-23T21:30:00.345+0000] {logging_mixin.py:151} INFO - [2025-08-23T21:30:00.345+0000] {dag.py:2907} INFO - Sync 1 DAGs
[2025-08-23T21:30:00.358+0000] {logging_mixin.py:151} INFO - [2025-08-23T21:30:00.358+0000] {dag.py:3677} INFO - Setting next_dagrun for stock_fetcher_dag to 2025-08-23T20:00:00+00:00, run_after=2025-08-23T21:00:00+00:00
[2025-08-23T21:30:00.370+0000] {processor.py:179} INFO - Processing /opt/airflow/dags/plugins/stock_fetch_dag.py took 0.061 seconds
[2025-08-23T21:30:00.392+0000] {processor.py:157} INFO - Started process (PID=105) to work on /opt/airflow/dags/plugins/stock_fetch_dag.py
[2025-08-23T21:30:00.393+0000] {processor.py:829} INFO - Processing file /opt/airflow/dags/plugins/stock_fetch_dag.py for tasks to queue
[2025-08-23T21:30:00.394+0000] {logging_mixin.py:151} INFO - [2025-08-23T21:30:00.394+0000] {dagbag.py:539} INFO - Filling up the DagBag from /opt/airflow/dags/plugins/stock_fetch_dag.py
[2025-08-23T21:30:00.408+0000] {processor.py:839} INFO - DAG(s) dict_keys(['stock_fetcher_dag']) retrieved from /opt/airflow/dags/plugins/stock_fetch_dag.py
[2025-08-23T21:30:00.428+0000] {logging_mixin.py:151} INFO - [2025-08-23T21:30:00.428+0000] {dag.py:2907} INFO - Sync 1 DAGs
[2025-08-23T21:30:00.443+0000] {logging_mixin.py:151} INFO - [2025-08-23T21:30:00.443+0000] {dag.py:3677} INFO - Setting next_dagrun for stock_fetcher_dag to 2025-08-23T20:00:00+00:00, run_after=2025-08-23T21:00:00+00:00
[2025-08-23T21:30:00.455+0000] {processor.py:179} INFO - Processing /opt/airflow/dags/plugins/stock_fetch_dag.py took 0.065 seconds
[2025-08-23T21:30:00.476+0000] {processor.py:157} INFO - Started process (PID=106) to work on /opt/airflow/dags/plugins/stock_fetch_dag.py
[2025-08-23T21:30:00.478+0000] {processor.py:829} INFO - Processing file /opt/airflow/dags/plugins/stock_fetch_dag.py for tasks to queue
[2025-08-23T21:30:00.478+0000] {logging_mixin.py:151} INFO - [2025-08-23T21:30:00.478+0000] {dagbag.py:539} INFO - Filling up the DagBag from /opt/airflow/dags/plugins/stock_fetch_dag.py
[2025-08-23T21:30:00.492+0000] {processor.py:839} INFO - DAG(s) dict_keys(['stock_fetcher_dag']) retrieved from /opt/airflow/dags/plugins/stock_fetch_dag.py
[2025-08-23T21:30:00.510+0000] {logging_mixin.py:151} INFO - [2025-08-23T21:30:00.510+0000] {dag.py:2907} INFO - Sync 1 DAGs
[2025-08-23T21:30:00.523+0000] {logging_mixin.py:151} INFO - [2025-08-23T21:30:00.523+0000] {dag.py:3677} INFO - Setting next_dagrun for stock_fetcher_dag to 2025-08-23T20:00:00+00:00, run_after=2025-08-23T21:00:00+00:00
[2025-08-23T21:30:00.537+0000] {processor.py:179} INFO - Processing /opt/airflow/dags/plugins/stock_fetch_dag.py took 0.063 seconds
[2025-08-23T21:30:00.561+0000] {processor.py:157} INFO - Started process (PID=107) to work on /opt/airflow/dags/plugins/stock_fetch_dag.py
[2025-08-23T21:30:00.562+0000] {processor.py:829} INFO - Processing file /opt/airflow/dags/plugins/stock_fetch_dag.py for tasks to queue
[2025-08-23T21:30:00.563+0000] {logging_mixin.py:151} INFO - [2025-08-23T21:30:00.563+0000] {dagbag.py:539} INFO - Filling up the DagBag from /opt/airflow/dags/plugins/stock_fetch_dag.py
[2025-08-23T21:30:00.577+0000] {processor.py:839} INFO - DAG(s) dict_keys(['stock_fetcher_dag']) retrieved from /opt/airflow/dags/plugins/stock_fetch_dag.py
[2025-08-23T21:30:00.596+0000] {logging_mixin.py:151} INFO - [2025-08-23T21:30:00.596+0000] {dag.py:2907} INFO - Sync 1 DAGs
[2025-08-23T21:30:00.609+0000] {logging_mixin.py:151} INFO - [2025-08-23T21:30:00.609+0000] {dag.py:3677} INFO - Setting next_dagrun for stock_fetcher_dag to 2025-08-23T20:00:00+00:00, run_after=2025-08-23T21:00:00+00:00
[2025-08-23T21:30:00.633+0000] {processor.py:179} INFO - Processing /opt/airflow/dags/plugins/stock_fetch_dag.py took 0.075 seconds
[2025-08-23T21:30:00.676+0000] {processor.py:157} INFO - Started process (PID=108) to work on /opt/airflow/dags/plugins/stock_fetch_dag.py
[2025-08-23T21:30:00.677+0000] {processor.py:829} INFO - Processing file /opt/airflow/dags/plugins/stock_fetch_dag.py for tasks to queue
[2025-08-23T21:30:00.677+0000] {logging_mixin.py:151} INFO - [2025-08-23T21:30:00.677+0000] {dagbag.py:539} INFO - Filling up the DagBag from /opt/airflow/dags/plugins/stock_fetch_dag.py
[2025-08-23T21:30:00.754+0000] {processor.py:839} INFO - DAG(s) dict_keys(['stock_fetcher_dag']) retrieved from /opt/airflow/dags/plugins/stock_fetch_dag.py
[2025-08-23T21:30:00.771+0000] {logging_mixin.py:151} INFO - [2025-08-23T21:30:00.771+0000] {dag.py:2907} INFO - Sync 1 DAGs
[2025-08-23T21:30:00.784+0000] {logging_mixin.py:151} INFO - [2025-08-23T21:30:00.784+0000] {dag.py:3677} INFO - Setting next_dagrun for stock_fetcher_dag to 2025-08-23T20:00:00+00:00, run_after=2025-08-23T21:00:00+00:00
[2025-08-23T21:30:00.797+0000] {processor.py:179} INFO - Processing /opt/airflow/dags/plugins/stock_fetch_dag.py took 0.124 seconds
[2025-08-23T21:30:00.817+0000] {processor.py:157} INFO - Started process (PID=109) to work on /opt/airflow/dags/plugins/stock_fetch_dag.py
[2025-08-23T21:30:00.818+0000] {processor.py:829} INFO - Processing file /opt/airflow/dags/plugins/stock_fetch_dag.py for tasks to queue
[2025-08-23T21:30:00.818+0000] {logging_mixin.py:151} INFO - [2025-08-23T21:30:00.818+0000] {dagbag.py:539} INFO - Filling up the DagBag from /opt/airflow/dags/plugins/stock_fetch_dag.py
[2025-08-23T21:30:00.832+0000] {processor.py:839} INFO - DAG(s) dict_keys(['stock_fetcher_dag']) retrieved from /opt/airflow/dags/plugins/stock_fetch_dag.py
[2025-08-23T21:30:00.848+0000] {logging_mixin.py:151} INFO - [2025-08-23T21:30:00.848+0000] {dag.py:2907} INFO - Sync 1 DAGs
[2025-08-23T21:30:00.861+0000] {logging_mixin.py:151} INFO - [2025-08-23T21:30:00.861+0000] {dag.py:3677} INFO - Setting next_dagrun for stock_fetcher_dag to 2025-08-23T20:00:00+00:00, run_after=2025-08-23T21:00:00+00:00
[2025-08-23T21:30:00.872+0000] {processor.py:179} INFO - Processing /opt/airflow/dags/plugins/stock_fetch_dag.py took 0.057 seconds
[2025-08-23T21:30:00.893+0000] {processor.py:157} INFO - Started process (PID=110) to work on /opt/airflow/dags/plugins/stock_fetch_dag.py
[2025-08-23T21:30:00.894+0000] {processor.py:829} INFO - Processing file /opt/airflow/dags/plugins/stock_fetch_dag.py for tasks to queue
[2025-08-23T21:30:00.894+0000] {logging_mixin.py:151} INFO - [2025-08-23T21:30:00.894+0000] {dagbag.py:539} INFO - Filling up the DagBag from /opt/airflow/dags/plugins/stock_fetch_dag.py
[2025-08-23T21:30:00.909+0000] {processor.py:839} INFO - DAG(s) dict_keys(['stock_fetcher_dag']) retrieved from /opt/airflow/dags/plugins/stock_fetch_dag.py
[2025-08-23T21:30:00.925+0000] {logging_mixin.py:151} INFO - [2025-08-23T21:30:00.925+0000] {dag.py:2907} INFO - Sync 1 DAGs
[2025-08-23T21:30:00.938+0000] {logging_mixin.py:151} INFO - [2025-08-23T21:30:00.938+0000] {dag.py:3677} INFO - Setting next_dagrun for stock_fetcher_dag to 2025-08-23T20:00:00+00:00, run_after=2025-08-23T21:00:00+00:00
[2025-08-23T21:30:00.948+0000] {processor.py:179} INFO - Processing /opt/airflow/dags/plugins/stock_fetch_dag.py took 0.058 seconds
[2025-08-23T21:30:00.969+0000] {processor.py:157} INFO - Started process (PID=111) to work on /opt/airflow/dags/plugins/stock_fetch_dag.py
[2025-08-23T21:30:00.970+0000] {processor.py:829} INFO - Processing file /opt/airflow/dags/plugins/stock_fetch_dag.py for tasks to queue
[2025-08-23T21:30:00.970+0000] {logging_mixin.py:151} INFO - [2025-08-23T21:30:00.970+0000] {dagbag.py:539} INFO - Filling up the DagBag from /opt/airflow/dags/plugins/stock_fetch_dag.py
[2025-08-23T21:30:00.983+0000] {processor.py:839} INFO - DAG(s) dict_keys(['stock_fetcher_dag']) retrieved from /opt/airflow/dags/plugins/stock_fetch_dag.py
[2025-08-23T21:30:00.999+0000] {logging_mixin.py:151} INFO - [2025-08-23T21:30:00.999+0000] {dag.py:2907} INFO - Sync 1 DAGs
[2025-08-23T21:30:01.013+0000] {logging_mixin.py:151} INFO - [2025-08-23T21:30:01.012+0000] {dag.py:3677} INFO - Setting next_dagrun for stock_fetcher_dag to 2025-08-23T20:00:00+00:00, run_after=2025-08-23T21:00:00+00:00
[2025-08-23T21:30:01.026+0000] {processor.py:179} INFO - Processing /opt/airflow/dags/plugins/stock_fetch_dag.py took 0.060 seconds
[2025-08-23T21:30:01.049+0000] {processor.py:157} INFO - Started process (PID=112) to work on /opt/airflow/dags/plugins/stock_fetch_dag.py
[2025-08-23T21:30:01.050+0000] {processor.py:829} INFO - Processing file /opt/airflow/dags/plugins/stock_fetch_dag.py for tasks to queue
[2025-08-23T21:30:01.051+0000] {logging_mixin.py:151} INFO - [2025-08-23T21:30:01.051+0000] {dagbag.py:539} INFO - Filling up the DagBag from /opt/airflow/dags/plugins/stock_fetch_dag.py
[2025-08-23T21:30:01.074+0000] {processor.py:839} INFO - DAG(s) dict_keys(['stock_fetcher_dag']) retrieved from /opt/airflow/dags/plugins/stock_fetch_dag.py
[2025-08-23T21:30:01.094+0000] {logging_mixin.py:151} INFO - [2025-08-23T21:30:01.094+0000] {dag.py:2907} INFO - Sync 1 DAGs
[2025-08-23T21:30:01.110+0000] {logging_mixin.py:151} INFO - [2025-08-23T21:30:01.110+0000] {dag.py:3677} INFO - Setting next_dagrun for stock_fetcher_dag to 2025-08-23T20:00:00+00:00, run_after=2025-08-23T21:00:00+00:00
[2025-08-23T21:30:01.122+0000] {processor.py:179} INFO - Processing /opt/airflow/dags/plugins/stock_fetch_dag.py took 0.076 seconds
[2025-08-23T21:30:01.156+0000] {processor.py:157} INFO - Started process (PID=113) to work on /opt/airflow/dags/plugins/stock_fetch_dag.py
[2025-08-23T21:30:01.157+0000] {processor.py:829} INFO - Processing file /opt/airflow/dags/plugins/stock_fetch_dag.py for tasks to queue
[2025-08-23T21:30:01.157+0000] {logging_mixin.py:151} INFO - [2025-08-23T21:30:01.157+0000] {dagbag.py:539} INFO - Filling up the DagBag from /opt/airflow/dags/plugins/stock_fetch_dag.py
[2025-08-23T21:30:01.175+0000] {processor.py:839} INFO - DAG(s) dict_keys(['stock_fetcher_dag']) retrieved from /opt/airflow/dags/plugins/stock_fetch_dag.py
[2025-08-23T21:30:01.192+0000] {logging_mixin.py:151} INFO - [2025-08-23T21:30:01.192+0000] {dag.py:2907} INFO - Sync 1 DAGs
[2025-08-23T21:30:01.204+0000] {logging_mixin.py:151} INFO - [2025-08-23T21:30:01.204+0000] {dag.py:3677} INFO - Setting next_dagrun for stock_fetcher_dag to 2025-08-23T20:00:00+00:00, run_after=2025-08-23T21:00:00+00:00
[2025-08-23T21:30:01.216+0000] {processor.py:179} INFO - Processing /opt/airflow/dags/plugins/stock_fetch_dag.py took 0.063 seconds
[2025-08-23T21:30:01.254+0000] {processor.py:157} INFO - Started process (PID=114) to work on /opt/airflow/dags/plugins/stock_fetch_dag.py
[2025-08-23T21:30:01.255+0000] {processor.py:829} INFO - Processing file /opt/airflow/dags/plugins/stock_fetch_dag.py for tasks to queue
[2025-08-23T21:30:01.256+0000] {logging_mixin.py:151} INFO - [2025-08-23T21:30:01.255+0000] {dagbag.py:539} INFO - Filling up the DagBag from /opt/airflow/dags/plugins/stock_fetch_dag.py
[2025-08-23T21:30:01.271+0000] {processor.py:839} INFO - DAG(s) dict_keys(['stock_fetcher_dag']) retrieved from /opt/airflow/dags/plugins/stock_fetch_dag.py
[2025-08-23T21:30:01.289+0000] {logging_mixin.py:151} INFO - [2025-08-23T21:30:01.289+0000] {dag.py:2907} INFO - Sync 1 DAGs
[2025-08-23T21:30:01.302+0000] {logging_mixin.py:151} INFO - [2025-08-23T21:30:01.302+0000] {dag.py:3677} INFO - Setting next_dagrun for stock_fetcher_dag to 2025-08-23T20:00:00+00:00, run_after=2025-08-23T21:00:00+00:00
[2025-08-23T21:30:01.314+0000] {processor.py:179} INFO - Processing /opt/airflow/dags/plugins/stock_fetch_dag.py took 0.062 seconds
[2025-08-23T21:30:01.334+0000] {processor.py:157} INFO - Started process (PID=115) to work on /opt/airflow/dags/plugins/stock_fetch_dag.py
[2025-08-23T21:30:01.335+0000] {processor.py:829} INFO - Processing file /opt/airflow/dags/plugins/stock_fetch_dag.py for tasks to queue
[2025-08-23T21:30:01.336+0000] {logging_mixin.py:151} INFO - [2025-08-23T21:30:01.335+0000] {dagbag.py:539} INFO - Filling up the DagBag from /opt/airflow/dags/plugins/stock_fetch_dag.py
[2025-08-23T21:30:01.350+0000] {processor.py:839} INFO - DAG(s) dict_keys(['stock_fetcher_dag']) retrieved from /opt/airflow/dags/plugins/stock_fetch_dag.py
[2025-08-23T21:30:01.366+0000] {logging_mixin.py:151} INFO - [2025-08-23T21:30:01.366+0000] {dag.py:2907} INFO - Sync 1 DAGs
[2025-08-23T21:30:01.379+0000] {logging_mixin.py:151} INFO - [2025-08-23T21:30:01.379+0000] {dag.py:3677} INFO - Setting next_dagrun for stock_fetcher_dag to 2025-08-23T20:00:00+00:00, run_after=2025-08-23T21:00:00+00:00
[2025-08-23T21:30:01.389+0000] {processor.py:179} INFO - Processing /opt/airflow/dags/plugins/stock_fetch_dag.py took 0.057 seconds
[2025-08-23T21:30:01.410+0000] {processor.py:157} INFO - Started process (PID=116) to work on /opt/airflow/dags/plugins/stock_fetch_dag.py
[2025-08-23T21:30:01.411+0000] {processor.py:829} INFO - Processing file /opt/airflow/dags/plugins/stock_fetch_dag.py for tasks to queue
[2025-08-23T21:30:01.411+0000] {logging_mixin.py:151} INFO - [2025-08-23T21:30:01.411+0000] {dagbag.py:539} INFO - Filling up the DagBag from /opt/airflow/dags/plugins/stock_fetch_dag.py
[2025-08-23T21:30:01.425+0000] {processor.py:839} INFO - DAG(s) dict_keys(['stock_fetcher_dag']) retrieved from /opt/airflow/dags/plugins/stock_fetch_dag.py
[2025-08-23T21:30:01.442+0000] {logging_mixin.py:151} INFO - [2025-08-23T21:30:01.442+0000] {dag.py:2907} INFO - Sync 1 DAGs
[2025-08-23T21:30:01.455+0000] {logging_mixin.py:151} INFO - [2025-08-23T21:30:01.454+0000] {dag.py:3677} INFO - Setting next_dagrun for stock_fetcher_dag to 2025-08-23T20:00:00+00:00, run_after=2025-08-23T21:00:00+00:00
[2025-08-23T21:30:01.465+0000] {processor.py:179} INFO - Processing /opt/airflow/dags/plugins/stock_fetch_dag.py took 0.058 seconds
[2025-08-23T21:30:01.494+0000] {processor.py:157} INFO - Started process (PID=117) to work on /opt/airflow/dags/plugins/stock_fetch_dag.py
[2025-08-23T21:30:01.494+0000] {processor.py:829} INFO - Processing file /opt/airflow/dags/plugins/stock_fetch_dag.py for tasks to queue
[2025-08-23T21:30:01.495+0000] {logging_mixin.py:151} INFO - [2025-08-23T21:30:01.495+0000] {dagbag.py:539} INFO - Filling up the DagBag from /opt/airflow/dags/plugins/stock_fetch_dag.py
[2025-08-23T21:30:01.510+0000] {processor.py:839} INFO - DAG(s) dict_keys(['stock_fetcher_dag']) retrieved from /opt/airflow/dags/plugins/stock_fetch_dag.py
[2025-08-23T21:30:01.526+0000] {logging_mixin.py:151} INFO - [2025-08-23T21:30:01.525+0000] {dag.py:2907} INFO - Sync 1 DAGs
[2025-08-23T21:30:01.538+0000] {logging_mixin.py:151} INFO - [2025-08-23T21:30:01.538+0000] {dag.py:3677} INFO - Setting next_dagrun for stock_fetcher_dag to 2025-08-23T20:00:00+00:00, run_after=2025-08-23T21:00:00+00:00
[2025-08-23T21:30:01.549+0000] {processor.py:179} INFO - Processing /opt/airflow/dags/plugins/stock_fetch_dag.py took 0.058 seconds
[2025-08-23T21:30:01.572+0000] {processor.py:157} INFO - Started process (PID=118) to work on /opt/airflow/dags/plugins/stock_fetch_dag.py
[2025-08-23T21:30:01.573+0000] {processor.py:829} INFO - Processing file /opt/airflow/dags/plugins/stock_fetch_dag.py for tasks to queue
[2025-08-23T21:30:01.573+0000] {logging_mixin.py:151} INFO - [2025-08-23T21:30:01.573+0000] {dagbag.py:539} INFO - Filling up the DagBag from /opt/airflow/dags/plugins/stock_fetch_dag.py
[2025-08-23T21:30:01.586+0000] {processor.py:839} INFO - DAG(s) dict_keys(['stock_fetcher_dag']) retrieved from /opt/airflow/dags/plugins/stock_fetch_dag.py
[2025-08-23T21:30:01.603+0000] {logging_mixin.py:151} INFO - [2025-08-23T21:30:01.603+0000] {dag.py:2907} INFO - Sync 1 DAGs
[2025-08-23T21:30:01.616+0000] {logging_mixin.py:151} INFO - [2025-08-23T21:30:01.616+0000] {dag.py:3677} INFO - Setting next_dagrun for stock_fetcher_dag to 2025-08-23T20:00:00+00:00, run_after=2025-08-23T21:00:00+00:00
[2025-08-23T21:30:01.627+0000] {processor.py:179} INFO - Processing /opt/airflow/dags/plugins/stock_fetch_dag.py took 0.057 seconds
[2025-08-23T21:30:01.648+0000] {processor.py:157} INFO - Started process (PID=119) to work on /opt/airflow/dags/plugins/stock_fetch_dag.py
[2025-08-23T21:30:01.649+0000] {processor.py:829} INFO - Processing file /opt/airflow/dags/plugins/stock_fetch_dag.py for tasks to queue
[2025-08-23T21:30:01.650+0000] {logging_mixin.py:151} INFO - [2025-08-23T21:30:01.649+0000] {dagbag.py:539} INFO - Filling up the DagBag from /opt/airflow/dags/plugins/stock_fetch_dag.py
[2025-08-23T21:30:01.674+0000] {processor.py:839} INFO - DAG(s) dict_keys(['stock_fetcher_dag']) retrieved from /opt/airflow/dags/plugins/stock_fetch_dag.py
[2025-08-23T21:30:01.692+0000] {logging_mixin.py:151} INFO - [2025-08-23T21:30:01.691+0000] {dag.py:2907} INFO - Sync 1 DAGs
[2025-08-23T21:30:01.704+0000] {logging_mixin.py:151} INFO - [2025-08-23T21:30:01.704+0000] {dag.py:3677} INFO - Setting next_dagrun for stock_fetcher_dag to 2025-08-23T20:00:00+00:00, run_after=2025-08-23T21:00:00+00:00
[2025-08-23T21:30:01.715+0000] {processor.py:179} INFO - Processing /opt/airflow/dags/plugins/stock_fetch_dag.py took 0.069 seconds
[2025-08-23T21:30:01.737+0000] {processor.py:157} INFO - Started process (PID=120) to work on /opt/airflow/dags/plugins/stock_fetch_dag.py
[2025-08-23T21:30:01.737+0000] {processor.py:829} INFO - Processing file /opt/airflow/dags/plugins/stock_fetch_dag.py for tasks to queue
[2025-08-23T21:30:01.738+0000] {logging_mixin.py:151} INFO - [2025-08-23T21:30:01.738+0000] {dagbag.py:539} INFO - Filling up the DagBag from /opt/airflow/dags/plugins/stock_fetch_dag.py
[2025-08-23T21:30:01.752+0000] {processor.py:839} INFO - DAG(s) dict_keys(['stock_fetcher_dag']) retrieved from /opt/airflow/dags/plugins/stock_fetch_dag.py
[2025-08-23T21:30:01.769+0000] {logging_mixin.py:151} INFO - [2025-08-23T21:30:01.769+0000] {dag.py:2907} INFO - Sync 1 DAGs
[2025-08-23T21:30:01.782+0000] {logging_mixin.py:151} INFO - [2025-08-23T21:30:01.781+0000] {dag.py:3677} INFO - Setting next_dagrun for stock_fetcher_dag to 2025-08-23T20:00:00+00:00, run_after=2025-08-23T21:00:00+00:00
[2025-08-23T21:30:01.792+0000] {processor.py:179} INFO - Processing /opt/airflow/dags/plugins/stock_fetch_dag.py took 0.058 seconds
[2025-08-23T21:30:01.812+0000] {processor.py:157} INFO - Started process (PID=121) to work on /opt/airflow/dags/plugins/stock_fetch_dag.py
[2025-08-23T21:30:01.813+0000] {processor.py:829} INFO - Processing file /opt/airflow/dags/plugins/stock_fetch_dag.py for tasks to queue
[2025-08-23T21:32:32.678+0000] {logging_mixin.py:151} INFO - [2025-08-23T21:30:01.814+0000] {dagbag.py:539} INFO - Filling up the DagBag from /opt/airflow/dags/plugins/stock_fetch_dag.py
[2025-08-23T21:32:32.694+0000] {processor.py:839} INFO - DAG(s) dict_keys(['stock_fetcher_dag']) retrieved from /opt/airflow/dags/plugins/stock_fetch_dag.py
[2025-08-23T21:32:32.712+0000] {logging_mixin.py:151} INFO - [2025-08-23T21:32:32.712+0000] {dag.py:2907} INFO - Sync 1 DAGs
[2025-08-23T21:32:32.726+0000] {logging_mixin.py:151} INFO - [2025-08-23T21:32:32.726+0000] {dag.py:3677} INFO - Setting next_dagrun for stock_fetcher_dag to 2025-08-23T20:00:00+00:00, run_after=2025-08-23T21:00:00+00:00
[2025-08-23T21:32:32.737+0000] {processor.py:179} INFO - Processing /opt/airflow/dags/plugins/stock_fetch_dag.py took 0.064 seconds
